app/build/intermediates/manifest_merge_blame_file/release/processReleaseMainManifest/manifest-merger-blame-release-report.txt
1<?xml version="1.0" encoding="utf-8"?>
2<manifest xmlns:android="http://schemas.android.com/apk/res/android"
3    package="com.cropdoc.app"
4    android:versionCode="1"
5    android:versionName="1.0" >
6
7    <uses-sdk
8        android:minSdkVersion="26"
9        android:targetSdkVersion="35" />
10
11    <!-- Bluetooth -->
12    <uses-permission
12-->src/main/AndroidManifest.xml:5:5-94
13        android:name="android.permission.BLUETOOTH"
13-->src/main/AndroidManifest.xml:5:22-65
14        android:maxSdkVersion="30" />
14-->src/main/AndroidManifest.xml:5:66-92
15    <uses-permission
15-->src/main/AndroidManifest.xml:6:5-100
16        android:name="android.permission.BLUETOOTH_ADMIN"
16-->src/main/AndroidManifest.xml:6:22-71
17        android:maxSdkVersion="30" />
17-->src/main/AndroidManifest.xml:6:72-98
18    <uses-permission
18-->src/main/AndroidManifest.xml:7:5-120
19        android:name="android.permission.BLUETOOTH_SCAN"
19-->src/main/AndroidManifest.xml:7:22-70
20        android:usesPermissionFlags="neverForLocation" />
20-->src/main/AndroidManifest.xml:7:71-117
21    <uses-permission android:name="android.permission.BLUETOOTH_CONNECT" />
21-->src/main/AndroidManifest.xml:8:5-76
21-->src/main/AndroidManifest.xml:8:22-73
22
23    <!-- Camera -->
24    <uses-permission android:name="android.permission.CAMERA" />
24-->src/main/AndroidManifest.xml:11:5-65
24-->src/main/AndroidManifest.xml:11:22-62
25
26    <!-- Storage -->
27    <uses-permission
27-->src/main/AndroidManifest.xml:14:5-106
28        android:name="android.permission.READ_EXTERNAL_STORAGE"
28-->src/main/AndroidManifest.xml:14:22-77
29        android:maxSdkVersion="32" />
29-->src/main/AndroidManifest.xml:14:78-104
30    <uses-permission
30-->src/main/AndroidManifest.xml:15:5-107
31        android:name="android.permission.WRITE_EXTERNAL_STORAGE"
31-->src/main/AndroidManifest.xml:15:22-78
32        android:maxSdkVersion="29" />
32-->src/main/AndroidManifest.xml:15:79-105
33
34    <!-- SMS -->
35    <uses-permission android:name="android.permission.RECEIVE_SMS" />
35-->src/main/AndroidManifest.xml:18:5-70
35-->src/main/AndroidManifest.xml:18:22-67
36    <uses-permission android:name="android.permission.READ_SMS" />
36-->src/main/AndroidManifest.xml:19:5-67
36-->src/main/AndroidManifest.xml:19:22-64
37
38    <!-- Internet -->
39    <uses-permission android:name="android.permission.INTERNET" />
39-->src/main/AndroidManifest.xml:22:5-67
39-->src/main/AndroidManifest.xml:22:22-64
40
41    <!-- Location -->
42    <uses-permission
42-->src/main/AndroidManifest.xml:25:5-105
43        android:name="android.permission.ACCESS_FINE_LOCATION"
43-->src/main/AndroidManifest.xml:25:22-76
44        android:maxSdkVersion="30" />
44-->src/main/AndroidManifest.xml:25:77-103
45
46    <!-- Audio -->
47    <uses-permission android:name="android.permission.RECORD_AUDIO" />
47-->src/main/AndroidManifest.xml:28:5-71
47-->src/main/AndroidManifest.xml:28:22-68
48
49    <!-- Notifications & Alarms -->
50    <uses-permission android:name="android.permission.POST_NOTIFICATIONS" />
50-->src/main/AndroidManifest.xml:31:5-77
50-->src/main/AndroidManifest.xml:31:22-74
51    <uses-permission android:name="android.permission.SCHEDULE_EXACT_ALARM" />
51-->src/main/AndroidManifest.xml:32:5-79
51-->src/main/AndroidManifest.xml:32:22-76
52    <uses-permission android:name="android.permission.USE_EXACT_ALARM" />
52-->src/main/AndroidManifest.xml:33:5-74
52-->src/main/AndroidManifest.xml:33:22-71
53
54    <!-- Calendar -->
55    <uses-permission android:name="android.permission.READ_CALENDAR" />
55-->src/main/AndroidManifest.xml:36:5-72
55-->src/main/AndroidManifest.xml:36:22-69
56    <uses-permission android:name="android.permission.WRITE_CALENDAR" />
56-->src/main/AndroidManifest.xml:37:5-73
56-->src/main/AndroidManifest.xml:37:22-70
57
58    <!-- Boot — to reschedule agent after reboot -->
59    <uses-permission android:name="android.permission.RECEIVE_BOOT_COMPLETED" />
59-->src/main/AndroidManifest.xml:40:5-81
59-->src/main/AndroidManifest.xml:40:22-78
60
61    <!-- WorkManager -->
62    <uses-permission android:name="android.permission.WAKE_LOCK" />
62-->src/main/AndroidManifest.xml:43:5-68
62-->src/main/AndroidManifest.xml:43:22-65
63    <uses-permission android:name="android.permission.FOREGROUND_SERVICE" />
63-->src/main/AndroidManifest.xml:44:5-77
63-->src/main/AndroidManifest.xml:44:22-74
64
65    <uses-feature
65-->src/main/AndroidManifest.xml:46:5-83
66        android:name="android.hardware.camera"
66-->src/main/AndroidManifest.xml:46:19-57
67        android:required="true" />
67-->src/main/AndroidManifest.xml:46:58-81
68    <uses-feature
68-->src/main/AndroidManifest.xml:47:5-90
69        android:name="android.hardware.bluetooth_le"
69-->src/main/AndroidManifest.xml:47:19-63
70        android:required="false" />
70-->src/main/AndroidManifest.xml:47:64-88
71    <uses-feature
71-->src/main/AndroidManifest.xml:48:5-87
72        android:name="android.hardware.telephony"
72-->src/main/AndroidManifest.xml:48:19-60
73        android:required="false" />
73-->src/main/AndroidManifest.xml:48:61-85
74
75    <uses-permission android:name="android.permission.ACCESS_NETWORK_STATE" />
75-->[androidx.work:work-runtime:2.9.0] AndroidManifest.xml:24:5-79
75-->[androidx.work:work-runtime:2.9.0] AndroidManifest.xml:24:22-76
76
77    <permission
77-->[androidx.core:core:1.15.0] AndroidManifest.xml:22:5-24:47
78        android:name="com.cropdoc.app.DYNAMIC_RECEIVER_NOT_EXPORTED_PERMISSION"
78-->[androidx.core:core:1.15.0] AndroidManifest.xml:23:9-81
79        android:protectionLevel="signature" />
79-->[androidx.core:core:1.15.0] AndroidManifest.xml:24:9-44
80
81    <uses-permission android:name="com.cropdoc.app.DYNAMIC_RECEIVER_NOT_EXPORTED_PERMISSION" />
81-->[androidx.core:core:1.15.0] AndroidManifest.xml:26:5-97
81-->[androidx.core:core:1.15.0] AndroidManifest.xml:26:22-94
82
83    <application
83-->src/main/AndroidManifest.xml:50:5-96:19
84        android:name="com.cropdoc.app.CropDocApplication"
84-->src/main/AndroidManifest.xml:51:9-43
85        android:allowBackup="true"
85-->src/main/AndroidManifest.xml:52:9-35
86        android:appComponentFactory="androidx.core.app.CoreComponentFactory"
86-->[androidx.core:core:1.15.0] AndroidManifest.xml:28:18-86
87        android:extractNativeLibs="false"
88        android:icon="@mipmap/ic_launcher"
88-->src/main/AndroidManifest.xml:53:9-43
89        android:label="@string/app_name"
89-->src/main/AndroidManifest.xml:54:9-41
90        android:largeHeap="true"
90-->src/main/AndroidManifest.xml:58:9-33
91        android:roundIcon="@mipmap/ic_launcher_round"
91-->src/main/AndroidManifest.xml:55:9-54
92        android:supportsRtl="true"
92-->src/main/AndroidManifest.xml:56:9-35
93        android:theme="@style/Theme.CropDoc" >
93-->src/main/AndroidManifest.xml:57:9-45
94        <activity
94-->src/main/AndroidManifest.xml:60:9-69:20
95            android:name="com.cropdoc.app.MainActivity"
95-->src/main/AndroidManifest.xml:61:13-41
96            android:exported="true"
96-->src/main/AndroidManifest.xml:62:13-36
97            android:theme="@style/Theme.CropDoc"
97-->src/main/AndroidManifest.xml:63:13-49
98            android:windowSoftInputMode="adjustResize" >
98-->src/main/AndroidManifest.xml:64:13-55
99            <intent-filter>
99-->src/main/AndroidManifest.xml:65:13-68:29
100                <action android:name="android.intent.action.MAIN" />
100-->src/main/AndroidManifest.xml:66:17-69
100-->src/main/AndroidManifest.xml:66:25-66
101
102                <category android:name="android.intent.category.LAUNCHER" />
102-->src/main/AndroidManifest.xml:67:17-77
102-->src/main/AndroidManifest.xml:67:27-74
103            </intent-filter>
104        </activity>
105
106        <!-- Weather SMS receiver -->
107        <receiver
107-->src/main/AndroidManifest.xml:72:9-78:20
108            android:name="com.cropdoc.app.data.sms.WeatherSmsReceiver"
108-->src/main/AndroidManifest.xml:73:13-56
109            android:exported="true" >
109-->src/main/AndroidManifest.xml:74:13-36
110            <intent-filter android:priority="999" >
110-->src/main/AndroidManifest.xml:75:13-77:29
110-->src/main/AndroidManifest.xml:75:28-50
111                <action android:name="android.provider.Telephony.SMS_RECEIVED" />
111-->src/main/AndroidManifest.xml:76:17-82
111-->src/main/AndroidManifest.xml:76:25-79
112            </intent-filter>
113        </receiver>
114
115        <!-- Reminder receiver -->
116        <receiver
116-->src/main/AndroidManifest.xml:81:9-83:40
117            android:name="com.cropdoc.app.data.agent.ReminderReceiver"
117-->src/main/AndroidManifest.xml:82:13-56
118            android:exported="false" />
118-->src/main/AndroidManifest.xml:83:13-37
119
120        <!-- Boot receiver — reschedule agent after reboot -->
121        <receiver
121-->src/main/AndroidManifest.xml:86:9-92:20
122            android:name="com.cropdoc.app.data.agent.BootReceiver"
122-->src/main/AndroidManifest.xml:87:13-52
123            android:exported="true" >
123-->src/main/AndroidManifest.xml:88:13-36
124            <intent-filter>
124-->src/main/AndroidManifest.xml:89:13-91:29
125                <action android:name="android.intent.action.BOOT_COMPLETED" />
125-->src/main/AndroidManifest.xml:90:17-79
125-->src/main/AndroidManifest.xml:90:25-76
126            </intent-filter>
127        </receiver>
128
129        <uses-native-library
129-->src/main/AndroidManifest.xml:93:9-89
130            android:name="libvndksupport.so"
130-->src/main/AndroidManifest.xml:93:30-62
131            android:required="false" />
131-->src/main/AndroidManifest.xml:93:63-87
132        <uses-native-library
132-->src/main/AndroidManifest.xml:93:9-89
133            android:name="libOpenCL.so"
133-->src/main/AndroidManifest.xml:93:30-62
134            android:required="false" />
134-->src/main/AndroidManifest.xml:93:63-87
135
136        <service
136-->[androidx.camera:camera-camera2:1.4.1] AndroidManifest.xml:24:9-33:19
137            android:name="androidx.camera.core.impl.MetadataHolderService"
137-->[androidx.camera:camera-camera2:1.4.1] AndroidManifest.xml:25:13-75
138            android:enabled="false"
138-->[androidx.camera:camera-camera2:1.4.1] AndroidManifest.xml:26:13-36
139            android:exported="false" >
139-->[androidx.camera:camera-camera2:1.4.1] AndroidManifest.xml:27:13-37
140            <meta-data
140-->[androidx.camera:camera-camera2:1.4.1] AndroidManifest.xml:30:13-32:89
141                android:name="androidx.camera.core.impl.MetadataHolderService.DEFAULT_CONFIG_PROVIDER"
141-->[androidx.camera:camera-camera2:1.4.1] AndroidManifest.xml:31:17-103
142                android:value="androidx.camera.camera2.Camera2Config$DefaultProvider" />
142-->[androidx.camera:camera-camera2:1.4.1] AndroidManifest.xml:32:17-86
143        </service>
144
145        <provider
145-->[androidx.work:work-runtime:2.9.0] AndroidManifest.xml:29:9-37:20
146            android:name="androidx.startup.InitializationProvider"
146-->[androidx.work:work-runtime:2.9.0] AndroidManifest.xml:30:13-67
147            android:authorities="com.cropdoc.app.androidx-startup"
147-->[androidx.work:work-runtime:2.9.0] AndroidManifest.xml:31:13-68
148            android:exported="false" >
148-->[androidx.work:work-runtime:2.9.0] AndroidManifest.xml:32:13-37
149            <meta-data
149-->[androidx.work:work-runtime:2.9.0] AndroidManifest.xml:34:13-36:52
150                android:name="androidx.work.WorkManagerInitializer"
150-->[androidx.work:work-runtime:2.9.0] AndroidManifest.xml:35:17-68
151                android:value="androidx.startup" />
151-->[androidx.work:work-runtime:2.9.0] AndroidManifest.xml:36:17-49
152            <meta-data
152-->[androidx.emoji2:emoji2:1.3.0] AndroidManifest.xml:29:13-31:52
153                android:name="androidx.emoji2.text.EmojiCompatInitializer"
153-->[androidx.emoji2:emoji2:1.3.0] AndroidManifest.xml:30:17-75
154                android:value="androidx.startup" />
154-->[androidx.emoji2:emoji2:1.3.0] AndroidManifest.xml:31:17-49
155            <meta-data
155-->[androidx.lifecycle:lifecycle-process:2.8.7] AndroidManifest.xml:29:13-31:52
156                android:name="androidx.lifecycle.ProcessLifecycleInitializer"
156-->[androidx.lifecycle:lifecycle-process:2.8.7] AndroidManifest.xml:30:17-78
157                android:value="androidx.startup" />
157-->[androidx.lifecycle:lifecycle-process:2.8.7] AndroidManifest.xml:31:17-49
158            <meta-data
158-->[androidx.profileinstaller:profileinstaller:1.3.1] AndroidManifest.xml:29:13-31:52
159                android:name="androidx.profileinstaller.ProfileInstallerInitializer"
159-->[androidx.profileinstaller:profileinstaller:1.3.1] AndroidManifest.xml:30:17-85
160                android:value="androidx.startup" />
160-->[androidx.profileinstaller:profileinstaller:1.3.1] AndroidManifest.xml:31:17-49
161        </provider>
162
163        <service
163-->[androidx.work:work-runtime:2.9.0] AndroidManifest.xml:39:9-45:35
164            android:name="androidx.work.impl.background.systemalarm.SystemAlarmService"
164-->[androidx.work:work-runtime:2.9.0] AndroidManifest.xml:40:13-88
165            android:directBootAware="false"
165-->[androidx.work:work-runtime:2.9.0] AndroidManifest.xml:41:13-44
166            android:enabled="@bool/enable_system_alarm_service_default"
166-->[androidx.work:work-runtime:2.9.0] AndroidManifest.xml:42:13-72
167            android:exported="false" />
167-->[androidx.work:work-runtime:2.9.0] AndroidManifest.xml:43:13-37
168        <service
168-->[androidx.work:work-runtime:2.9.0] AndroidManifest.xml:46:9-52:35
169            android:name="androidx.work.impl.background.systemjob.SystemJobService"
169-->[androidx.work:work-runtime:2.9.0] AndroidManifest.xml:47:13-84
170            android:directBootAware="false"
170-->[androidx.work:work-runtime:2.9.0] AndroidManifest.xml:48:13-44
171            android:enabled="@bool/enable_system_job_service_default"
171-->[androidx.work:work-runtime:2.9.0] AndroidManifest.xml:49:13-70
172            android:exported="true"
172-->[androidx.work:work-runtime:2.9.0] AndroidManifest.xml:50:13-36
173            android:permission="android.permission.BIND_JOB_SERVICE" />
173-->[androidx.work:work-runtime:2.9.0] AndroidManifest.xml:51:13-69
174        <service
174-->[androidx.work:work-runtime:2.9.0] AndroidManifest.xml:53:9-59:35
175            android:name="androidx.work.impl.foreground.SystemForegroundService"
175-->[androidx.work:work-runtime:2.9.0] AndroidManifest.xml:54:13-81
176            android:directBootAware="false"
176-->[androidx.work:work-runtime:2.9.0] AndroidManifest.xml:55:13-44
177            android:enabled="@bool/enable_system_foreground_service_default"
177-->[androidx.work:work-runtime:2.9.0] AndroidManifest.xml:56:13-77
178            android:exported="false" />
178-->[androidx.work:work-runtime:2.9.0] AndroidManifest.xml:57:13-37
179
180        <receiver
180-->[androidx.work:work-runtime:2.9.0] AndroidManifest.xml:61:9-66:35
181            android:name="androidx.work.impl.utils.ForceStopRunnable$BroadcastReceiver"
181-->[androidx.work:work-runtime:2.9.0] AndroidManifest.xml:62:13-88
182            android:directBootAware="false"
182-->[androidx.work:work-runtime:2.9.0] AndroidManifest.xml:63:13-44
183            android:enabled="true"
183-->[androidx.work:work-runtime:2.9.0] AndroidManifest.xml:64:13-35
184            android:exported="false" />
184-->[androidx.work:work-runtime:2.9.0] AndroidManifest.xml:65:13-37
185        <receiver
185-->[androidx.work:work-runtime:2.9.0] AndroidManifest.xml:67:9-77:20
186            android:name="androidx.work.impl.background.systemalarm.ConstraintProxy$BatteryChargingProxy"
186-->[androidx.work:work-runtime:2.9.0] AndroidManifest.xml:68:13-106
187            android:directBootAware="false"
187-->[androidx.work:work-runtime:2.9.0] AndroidManifest.xml:69:13-44
188            android:enabled="false"
188-->[androidx.work:work-runtime:2.9.0] AndroidManifest.xml:70:13-36
189            android:exported="false" >
189-->[androidx.work:work-runtime:2.9.0] AndroidManifest.xml:71:13-37
190            <intent-filter>
190-->[androidx.work:work-runtime:2.9.0] AndroidManifest.xml:73:13-76:29
191                <action android:name="android.intent.action.ACTION_POWER_CONNECTED" />
191-->[androidx.work:work-runtime:2.9.0] AndroidManifest.xml:74:17-87
191-->[androidx.work:work-runtime:2.9.0] AndroidManifest.xml:74:25-84
192                <action android:name="android.intent.action.ACTION_POWER_DISCONNECTED" />
192-->[androidx.work:work-runtime:2.9.0] AndroidManifest.xml:75:17-90
192-->[androidx.work:work-runtime:2.9.0] AndroidManifest.xml:75:25-87
193            </intent-filter>
194        </receiver>
195        <receiver
195-->[androidx.work:work-runtime:2.9.0] AndroidManifest.xml:78:9-88:20
196            android:name="androidx.work.impl.background.systemalarm.ConstraintProxy$BatteryNotLowProxy"
196-->[androidx.work:work-runtime:2.9.0] AndroidManifest.xml:79:13-104
197            android:directBootAware="false"
197-->[androidx.work:work-runtime:2.9.0] AndroidManifest.xml:80:13-44
198            android:enabled="false"
198-->[androidx.work:work-runtime:2.9.0] AndroidManifest.xml:81:13-36
199            android:exported="false" >
199-->[androidx.work:work-runtime:2.9.0] AndroidManifest.xml:82:13-37
200            <intent-filter>
200-->[androidx.work:work-runtime:2.9.0] AndroidManifest.xml:84:13-87:29
201                <action android:name="android.intent.action.BATTERY_OKAY" />
201-->[androidx.work:work-runtime:2.9.0] AndroidManifest.xml:85:17-77
201-->[androidx.work:work-runtime:2.9.0] AndroidManifest.xml:85:25-74
202                <action android:name="android.intent.action.BATTERY_LOW" />
202-->[androidx.work:work-runtime:2.9.0] AndroidManifest.xml:86:17-76
202-->[androidx.work:work-runtime:2.9.0] AndroidManifest.xml:86:25-73
203            </intent-filter>
204        </receiver>
205        <receiver
205-->[androidx.work:work-runtime:2.9.0] AndroidManifest.xml:89:9-99:20
206            android:name="androidx.work.impl.background.systemalarm.ConstraintProxy$StorageNotLowProxy"
206-->[androidx.work:work-runtime:2.9.0] AndroidManifest.xml:90:13-104
207            android:directBootAware="false"
207-->[androidx.work:work-runtime:2.9.0] AndroidManifest.xml:91:13-44
208            android:enabled="false"
208-->[androidx.work:work-runtime:2.9.0] AndroidManifest.xml:92:13-36
209            android:exported="false" >
209-->[androidx.work:work-runtime:2.9.0] AndroidManifest.xml:93:13-37
210            <intent-filter>
210-->[androidx.work:work-runtime:2.9.0] AndroidManifest.xml:95:13-98:29
211                <action android:name="android.intent.action.DEVICE_STORAGE_LOW" />
211-->[androidx.work:work-runtime:2.9.0] AndroidManifest.xml:96:17-83
211-->[androidx.work:work-runtime:2.9.0] AndroidManifest.xml:96:25-80
212                <action android:name="android.intent.action.DEVICE_STORAGE_OK" />
212-->[androidx.work:work-runtime:2.9.0] AndroidManifest.xml:97:17-82
212-->[androidx.work:work-runtime:2.9.0] AndroidManifest.xml:97:25-79
213            </intent-filter>
214        </receiver>
215        <receiver
215-->[androidx.work:work-runtime:2.9.0] AndroidManifest.xml:100:9-109:20
216            android:name="androidx.work.impl.background.systemalarm.ConstraintProxy$NetworkStateProxy"
216-->[androidx.work:work-runtime:2.9.0] AndroidManifest.xml:101:13-103
217            android:directBootAware="false"
217-->[androidx.work:work-runtime:2.9.0] AndroidManifest.xml:102:13-44
218            android:enabled="false"
218-->[androidx.work:work-runtime:2.9.0] AndroidManifest.xml:103:13-36
219            android:exported="false" >
219-->[androidx.work:work-runtime:2.9.0] AndroidManifest.xml:104:13-37
220            <intent-filter>
220-->[androidx.work:work-runtime:2.9.0] AndroidManifest.xml:106:13-108:29
221                <action android:name="android.net.conn.CONNECTIVITY_CHANGE" />
221-->[androidx.work:work-runtime:2.9.0] AndroidManifest.xml:107:17-79
221-->[androidx.work:work-runtime:2.9.0] AndroidManifest.xml:107:25-76
222            </intent-filter>
223        </receiver>
224        <receiver
224-->[androidx.work:work-runtime:2.9.0] AndroidManifest.xml:110:9-121:20
225            android:name="androidx.work.impl.background.systemalarm.RescheduleReceiver"
225-->[androidx.work:work-runtime:2.9.0] AndroidManifest.xml:111:13-88
226            android:directBootAware="false"
226-->[androidx.work:work-runtime:2.9.0] AndroidManifest.xml:112:13-44
227            android:enabled="false"
227-->[androidx.work:work-runtime:2.9.0] AndroidManifest.xml:113:13-36
228            android:exported="false" >
228-->[androidx.work:work-runtime:2.9.0] AndroidManifest.xml:114:13-37
229            <intent-filter>
229-->[androidx.work:work-runtime:2.9.0] AndroidManifest.xml:116:13-120:29
230                <action android:name="android.intent.action.BOOT_COMPLETED" />
230-->src/main/AndroidManifest.xml:90:17-79
230-->src/main/AndroidManifest.xml:90:25-76
231                <action android:name="android.intent.action.TIME_SET" />
231-->[androidx.work:work-runtime:2.9.0] AndroidManifest.xml:118:17-73
231-->[androidx.work:work-runtime:2.9.0] AndroidManifest.xml:118:25-70
232                <action android:name="android.intent.action.TIMEZONE_CHANGED" />
232-->[androidx.work:work-runtime:2.9.0] AndroidManifest.xml:119:17-81
232-->[androidx.work:work-runtime:2.9.0] AndroidManifest.xml:119:25-78
233            </intent-filter>
234        </receiver>
235        <receiver
235-->[androidx.work:work-runtime:2.9.0] AndroidManifest.xml:122:9-131:20
236            android:name="androidx.work.impl.background.systemalarm.ConstraintProxyUpdateReceiver"
236-->[androidx.work:work-runtime:2.9.0] AndroidManifest.xml:123:13-99
237            android:directBootAware="false"
237-->[androidx.work:work-runtime:2.9.0] AndroidManifest.xml:124:13-44
238            android:enabled="@bool/enable_system_alarm_service_default"
238-->[androidx.work:work-runtime:2.9.0] AndroidManifest.xml:125:13-72
239            android:exported="false" >
239-->[androidx.work:work-runtime:2.9.0] AndroidManifest.xml:126:13-37
240            <intent-filter>
240-->[androidx.work:work-runtime:2.9.0] AndroidManifest.xml:128:13-130:29
241                <action android:name="androidx.work.impl.background.systemalarm.UpdateProxies" />
241-->[androidx.work:work-runtime:2.9.0] AndroidManifest.xml:129:17-98
241-->[androidx.work:work-runtime:2.9.0] AndroidManifest.xml:129:25-95
242            </intent-filter>
243        </receiver>
244        <receiver
244-->[androidx.work:work-runtime:2.9.0] AndroidManifest.xml:132:9-142:20
245            android:name="androidx.work.impl.diagnostics.DiagnosticsReceiver"
245-->[androidx.work:work-runtime:2.9.0] AndroidManifest.xml:133:13-78
246            android:directBootAware="false"
246-->[androidx.work:work-runtime:2.9.0] AndroidManifest.xml:134:13-44
247            android:enabled="true"
247-->[androidx.work:work-runtime:2.9.0] AndroidManifest.xml:135:13-35
248            android:exported="true"
248-->[androidx.work:work-runtime:2.9.0] AndroidManifest.xml:136:13-36
249            android:permission="android.permission.DUMP" >
249-->[androidx.work:work-runtime:2.9.0] AndroidManifest.xml:137:13-57
250            <intent-filter>
250-->[androidx.work:work-runtime:2.9.0] AndroidManifest.xml:139:13-141:29
251                <action android:name="androidx.work.diagnostics.REQUEST_DIAGNOSTICS" />
251-->[androidx.work:work-runtime:2.9.0] AndroidManifest.xml:140:17-88
251-->[androidx.work:work-runtime:2.9.0] AndroidManifest.xml:140:25-85
252            </intent-filter>
253        </receiver>
254
255        <service
255-->[androidx.room:room-runtime-android:2.7.1] AndroidManifest.xml:24:9-28:63
256            android:name="androidx.room.MultiInstanceInvalidationService"
256-->[androidx.room:room-runtime-android:2.7.1] AndroidManifest.xml:25:13-74
257            android:directBootAware="true"
257-->[androidx.room:room-runtime-android:2.7.1] AndroidManifest.xml:26:13-43
258            android:exported="false" />
258-->[androidx.room:room-runtime-android:2.7.1] AndroidManifest.xml:27:13-37
259
260        <receiver
260-->[androidx.profileinstaller:profileinstaller:1.3.1] AndroidManifest.xml:34:9-52:20
261            android:name="androidx.profileinstaller.ProfileInstallReceiver"
261-->[androidx.profileinstaller:profileinstaller:1.3.1] AndroidManifest.xml:35:13-76
262            android:directBootAware="false"
262-->[androidx.profileinstaller:profileinstaller:1.3.1] AndroidManifest.xml:36:13-44
263            android:enabled="true"
263-->[androidx.profileinstaller:profileinstaller:1.3.1] AndroidManifest.xml:37:13-35
264            android:exported="true"
264-->[androidx.profileinstaller:profileinstaller:1.3.1] AndroidManifest.xml:38:13-36
265            android:permission="android.permission.DUMP" >
265-->[androidx.profileinstaller:profileinstaller:1.3.1] AndroidManifest.xml:39:13-57
266            <intent-filter>
266-->[androidx.profileinstaller:profileinstaller:1.3.1] AndroidManifest.xml:40:13-42:29
267                <action android:name="androidx.profileinstaller.action.INSTALL_PROFILE" />
267-->[androidx.profileinstaller:profileinstaller:1.3.1] AndroidManifest.xml:41:17-91
267-->[androidx.profileinstaller:profileinstaller:1.3.1] AndroidManifest.xml:41:25-88
268            </intent-filter>
269            <intent-filter>
269-->[androidx.profileinstaller:profileinstaller:1.3.1] AndroidManifest.xml:43:13-45:29
270                <action android:name="androidx.profileinstaller.action.SKIP_FILE" />
270-->[androidx.profileinstaller:profileinstaller:1.3.1] AndroidManifest.xml:44:17-85
270-->[androidx.profileinstaller:profileinstaller:1.3.1] AndroidManifest.xml:44:25-82
271            </intent-filter>
272            <intent-filter>
272-->[androidx.profileinstaller:profileinstaller:1.3.1] AndroidManifest.xml:46:13-48:29
273                <action android:name="androidx.profileinstaller.action.SAVE_PROFILE" />
273-->[androidx.profileinstaller:profileinstaller:1.3.1] AndroidManifest.xml:47:17-88
273-->[androidx.profileinstaller:profileinstaller:1.3.1] AndroidManifest.xml:47:25-85
274            </intent-filter>
275            <intent-filter>
275-->[androidx.profileinstaller:profileinstaller:1.3.1] AndroidManifest.xml:49:13-51:29
276                <action android:name="androidx.profileinstaller.action.BENCHMARK_OPERATION" />
276-->[androidx.profileinstaller:profileinstaller:1.3.1] AndroidManifest.xml:50:17-95
276-->[androidx.profileinstaller:profileinstaller:1.3.1] AndroidManifest.xml:50:25-92
277            </intent-filter>
278        </receiver>
279    </application>
280
281</manifest>